<?xml version="1.0" encoding="UTF-8"?>
<testsuite name="com.reliaquest.server.controller.MockEmployeeControllerTest" tests="9" skipped="0" failures="0" errors="0" timestamp="2025-07-15T23:42:03" hostname="931-32279-MAC" time="0.181">
  <properties/>
  <testcase name="getEmployee_shouldReturnNotFound_whenIdDoesNotExist()" classname="com.reliaquest.server.controller.MockEmployeeControllerTest" time="0.096"/>
  <testcase name="getEmployee_shouldReturnEmployee_whenIdExists()" classname="com.reliaquest.server.controller.MockEmployeeControllerTest" time="0.009"/>
  <testcase name="deleteEmployee_shouldReturnTrue_whenEmployeeDeleted()" classname="com.reliaquest.server.controller.MockEmployeeControllerTest" time="0.039"/>
  <testcase name="getEmployees_shouldReturnAllEmployees()" classname="com.reliaquest.server.controller.MockEmployeeControllerTest" time="0.005"/>
  <testcase name="getEmployeesByNameSearch_shouldReturnMatchingEmployees()" classname="com.reliaquest.server.controller.MockEmployeeControllerTest" time="0.004"/>
  <testcase name="createEmployee_shouldCreateAndReturnEmployee()" classname="com.reliaquest.server.controller.MockEmployeeControllerTest" time="0.01"/>
  <testcase name="getTop10HighestEarningEmployeeNames_shouldReturnNames()" classname="com.reliaquest.server.controller.MockEmployeeControllerTest" time="0.003"/>
  <testcase name="deleteEmployee_shouldReturnFalse_whenEmployeeNotFound()" classname="com.reliaquest.server.controller.MockEmployeeControllerTest" time="0.003"/>
  <testcase name="getHighestSalaryOfEmployees_shouldReturnHighestSalary()" classname="com.reliaquest.server.controller.MockEmployeeControllerTest" time="0.005"/>
  <system-out><![CDATA[00:42:01.615 [Test worker] INFO org.springframework.test.context.support.AnnotationConfigContextLoaderUtils -- Could not detect default configuration classes for test class [com.reliaquest.server.controller.MockEmployeeControllerTest]: MockEmployeeControllerTest does not declare any static, non-private, non-final, nested classes annotated with @Configuration.
00:42:01.689 [Test worker] INFO org.springframework.boot.test.context.SpringBootTestContextBootstrapper -- Found @SpringBootConfiguration com.reliaquest.server.ServerApplication for test class com.reliaquest.server.controller.MockEmployeeControllerTest

  .   ____          _            __ _ _
 /\\ / ___'_ __ _ _(_)_ __  __ _ \ \ \ \
( ( )\___ | '_ | '_| | '_ \/ _` | \ \ \ \
 \\/  ___)| |_)| | | | | || (_| |  ) ) ) )
  '  |____| .__|_| |_|_| |_\__, | / / / /
 =========|_|==============|___/=/_/_/_/
 :: Spring Boot ::               (v3.2.10)

2025-07-16T00:42:01.880+01:00  INFO 44470 --- [mock-employee-api] [    Test worker] c.r.s.c.MockEmployeeControllerTest       : Starting MockEmployeeControllerTest using Java 17.0.15 with PID 44470 (started by megha.gupta in /Users/megha.gupta/workspace/java-employee-challenge/server)
2025-07-16T00:42:01.881+01:00 DEBUG 44470 --- [mock-employee-api] [    Test worker] c.r.s.c.MockEmployeeControllerTest       : Running with Spring Boot v3.2.10, Spring v6.1.13
2025-07-16T00:42:01.881+01:00  INFO 44470 --- [mock-employee-api] [    Test worker] c.r.s.c.MockEmployeeControllerTest       : No active profile set, falling back to 1 default profile: "default"
2025-07-16T00:42:02.768+01:00 DEBUG 44470 --- [mock-employee-api] [    Test worker] c.r.server.config.ServerConfiguration    : Created employee: MockEmployee(id=a299af2f-296d-4dbf-95f0-b37c8ce5915e, name=Ms. Jordan Pacocha, salary=156589, age=69, title=Administration Planner, email=littlemomma03@company.com)
2025-07-16T00:42:02.774+01:00 DEBUG 44470 --- [mock-employee-api] [    Test worker] c.r.server.config.ServerConfiguration    : Created employee: MockEmployee(id=2610cfc7-72d2-4a61-b044-fbb38cb37ec7, name=Odis Crist, salary=290413, age=24, title=Technology Developer, email=bytecard@company.com)
2025-07-16T00:42:02.774+01:00 DEBUG 44470 --- [mock-employee-api] [    Test worker] c.r.server.config.ServerConfiguration    : Created employee: MockEmployee(id=bddbea0e-6707-4b7b-9df6-80fe1603eef9, name=Rory Bruen Jr., salary=160685, age=28, title=Internal Mining Developer, email=holdlamis@company.com)
2025-07-16T00:42:02.775+01:00 DEBUG 44470 --- [mock-employee-api] [    Test worker] c.r.server.config.ServerConfiguration    : Created employee: MockEmployee(id=effe7a58-33c7-47eb-89e9-093f26041b23, name=Korey Koelpin, salary=252967, age=26, title=Education Liaison, email=fat_kyle@company.com)
2025-07-16T00:42:02.775+01:00 DEBUG 44470 --- [mock-employee-api] [    Test worker] c.r.server.config.ServerConfiguration    : Created employee: MockEmployee(id=327c4d80-dfe5-4224-a56f-d3dc7433dd5a, name=Antione Runolfsdottir IV, salary=170181, age=45, title=Product Government Consultant, email=magik_mike@company.com)
2025-07-16T00:42:02.777+01:00 DEBUG 44470 --- [mock-employee-api] [    Test worker] c.r.server.config.ServerConfiguration    : Created employee: MockEmployee(id=ea0b6600-1529-4904-8881-57aa2b186550, name=Randa Daniel, salary=234176, age=26, title=National Legal Coordinator, email=mcshayne@company.com)
2025-07-16T00:42:02.777+01:00 DEBUG 44470 --- [mock-employee-api] [    Test worker] c.r.server.config.ServerConfiguration    : Created employee: MockEmployee(id=e6e6439d-8bb6-46d5-94ea-c5bf00a5beae, name=Nannie Hegmann, salary=97759, age=21, title=Product Government Liaison, email=flowdesk@company.com)
2025-07-16T00:42:02.777+01:00 DEBUG 44470 --- [mock-employee-api] [    Test worker] c.r.server.config.ServerConfiguration    : Created employee: MockEmployee(id=6a059fb0-05c8-4914-8771-23b3ea1bcc19, name=Marvin Krajcik, salary=224154, age=25, title=Manufacturing Officer, email=fintone@company.com)
2025-07-16T00:42:02.778+01:00 DEBUG 44470 --- [mock-employee-api] [    Test worker] c.r.server.config.ServerConfiguration    : Created employee: MockEmployee(id=f71a6af4-cba2-4c8f-b2ce-9a8445a86b04, name=Royce Ebert, salary=213304, age=35, title=Human Accounting Developer, email=tempsoft@company.com)
2025-07-16T00:42:02.778+01:00 DEBUG 44470 --- [mock-employee-api] [    Test worker] c.r.server.config.ServerConfiguration    : Created employee: MockEmployee(id=4d1ca1c8-6989-4ff0-9906-b802139a313b, name=Hyman Bayer, salary=318575, age=48, title=Real-Estate Engineer, email=keylex@company.com)
2025-07-16T00:42:02.778+01:00 DEBUG 44470 --- [mock-employee-api] [    Test worker] c.r.server.config.ServerConfiguration    : Created employee: MockEmployee(id=441889d1-f7d8-4cd0-85ba-f224af483971, name=Rodrigo Bruen DVM, salary=128301, age=33, title=Corporate Accounting Producer, email=veribet@company.com)
2025-07-16T00:42:02.778+01:00 DEBUG 44470 --- [mock-employee-api] [    Test worker] c.r.server.config.ServerConfiguration    : Created employee: MockEmployee(id=21c6d540-9054-4b5f-8bc4-d19bbf710af8, name=Maribeth Hills, salary=414202, age=44, title=Regional Design Associate, email=holdlamis@company.com)
2025-07-16T00:42:02.778+01:00 DEBUG 44470 --- [mock-employee-api] [    Test worker] c.r.server.config.ServerConfiguration    : Created employee: MockEmployee(id=1a1a853a-1c45-4f6b-9e97-5f725cc2ddf0, name=Sommer Goldner, salary=308366, age=28, title=Healthcare Designer, email=span@company.com)
2025-07-16T00:42:02.779+01:00 DEBUG 44470 --- [mock-employee-api] [    Test worker] c.r.server.config.ServerConfiguration    : Created employee: MockEmployee(id=ed9f0530-12ca-4391-82c5-d60c170442fb, name=Agueda Schulist, salary=393369, age=50, title=Future Marketing Agent, email=bitchip@company.com)
2025-07-16T00:42:02.779+01:00 DEBUG 44470 --- [mock-employee-api] [    Test worker] c.r.server.config.ServerConfiguration    : Created employee: MockEmployee(id=0c87acba-de88-4098-84d8-c67e4c22ad6d, name=Buster Rosenbaum DVM, salary=288716, age=49, title=Direct Hospitality Administrator, email=tempsoft@company.com)
2025-07-16T00:42:02.780+01:00 DEBUG 44470 --- [mock-employee-api] [    Test worker] c.r.server.config.ServerConfiguration    : Created employee: MockEmployee(id=2f5c7aaf-16d0-47b9-9408-d1993f749967, name=Jonathon Becker, salary=62713, age=61, title=Legal Representative, email=mcshayne@company.com)
2025-07-16T00:42:02.780+01:00 DEBUG 44470 --- [mock-employee-api] [    Test worker] c.r.server.config.ServerConfiguration    : Created employee: MockEmployee(id=e06b0b64-2eb2-4d23-9d35-5014cf9d3dbc, name=Earnest Weimann MD, salary=60563, age=66, title=Chief Manager, email=flowdesk@company.com)
2025-07-16T00:42:02.781+01:00 DEBUG 44470 --- [mock-employee-api] [    Test worker] c.r.server.config.ServerConfiguration    : Created employee: MockEmployee(id=4077777d-1fa9-410b-9855-e014bd77975f, name=Fausto Bernhard MD, salary=274101, age=54, title=Principal Liaison, email=solarbreeze@company.com)
2025-07-16T00:42:02.781+01:00 DEBUG 44470 --- [mock-employee-api] [    Test worker] c.r.server.config.ServerConfiguration    : Created employee: MockEmployee(id=c32638c1-203a-42c8-915d-97e85a7ed126, name=Miquel Gislason Jr., salary=176009, age=23, title=Principal Assistant, email=overhold@company.com)
2025-07-16T00:42:02.781+01:00 DEBUG 44470 --- [mock-employee-api] [    Test worker] c.r.server.config.ServerConfiguration    : Created employee: MockEmployee(id=d41517bd-95ff-4a74-b314-bb024397dfeb, name=Foster Stoltenberg, salary=101658, age=26, title=Education Officer, email=fintone@company.com)
2025-07-16T00:42:02.781+01:00 DEBUG 44470 --- [mock-employee-api] [    Test worker] c.r.server.config.ServerConfiguration    : Created employee: MockEmployee(id=f2a17668-76b9-4782-927d-fdd3d0b75b41, name=Mr. Joel Gerhold, salary=467993, age=62, title=Technology Representative, email=ventosanzap@company.com)
2025-07-16T00:42:02.781+01:00 DEBUG 44470 --- [mock-employee-api] [    Test worker] c.r.server.config.ServerConfiguration    : Created employee: MockEmployee(id=b4b194fb-b4f4-45ad-b131-7bec2f1480a7, name=Renate Tillman, salary=116464, age=19, title=Education Developer, email=konklab@company.com)
2025-07-16T00:42:02.782+01:00 DEBUG 44470 --- [mock-employee-api] [    Test worker] c.r.server.config.ServerConfiguration    : Created employee: MockEmployee(id=696d5bba-9c80-402e-8558-7b31d6bd59f3, name=Edgar Jacobi, salary=33978, age=63, title=Consulting Producer, email=cardguard@company.com)
2025-07-16T00:42:02.782+01:00 DEBUG 44470 --- [mock-employee-api] [    Test worker] c.r.server.config.ServerConfiguration    : Created employee: MockEmployee(id=a19181ef-7430-47e6-9a34-2dd393ce746a, name=Nicola White, salary=223901, age=31, title=Forward Manager, email=blade_runnerz@company.com)
2025-07-16T00:42:02.782+01:00 DEBUG 44470 --- [mock-employee-api] [    Test worker] c.r.server.config.ServerConfiguration    : Created employee: MockEmployee(id=17329b4f-7587-449b-a6ec-334ef091b563, name=Patricia Watsica, salary=374171, age=51, title=Farming Coordinator, email=tempsoft@company.com)
2025-07-16T00:42:02.782+01:00 DEBUG 44470 --- [mock-employee-api] [    Test worker] c.r.server.config.ServerConfiguration    : Created employee: MockEmployee(id=568cd0d3-90ab-4673-be89-2ee97cff3c85, name=Margarette Davis, salary=94747, age=39, title=Corporate Technology Engineer, email=konklab@company.com)
2025-07-16T00:42:02.782+01:00 DEBUG 44470 --- [mock-employee-api] [    Test worker] c.r.server.config.ServerConfiguration    : Created employee: MockEmployee(id=d6a96785-f0cb-4b32-976d-ae0881346fcb, name=Dr. Casey Nikolaus, salary=182493, age=55, title=Legacy Real-Estate Specialist, email=prodder@company.com)
2025-07-16T00:42:02.783+01:00 DEBUG 44470 --- [mock-employee-api] [    Test worker] c.r.server.config.ServerConfiguration    : Created employee: MockEmployee(id=0bcd5d9f-c78f-4c7c-becf-5518947642e0, name=Evette Lubowitz, salary=214359, age=16, title=Hospitality Supervisor, email=overhold@company.com)
2025-07-16T00:42:02.783+01:00 DEBUG 44470 --- [mock-employee-api] [    Test worker] c.r.server.config.ServerConfiguration    : Created employee: MockEmployee(id=3a83ee76-7760-4db5-b29c-5301cd3b08d8, name=Cedrick Fritsch, salary=289312, age=52, title=Dynamic Marketing Facilitator, email=colonelkickass@company.com)
2025-07-16T00:42:02.783+01:00 DEBUG 44470 --- [mock-employee-api] [    Test worker] c.r.server.config.ServerConfiguration    : Created employee: MockEmployee(id=983a6931-61bb-488c-af44-dee1df13348c, name=Dannie Mosciski, salary=314844, age=38, title=Central Construction Director, email=omg_its_laura@company.com)
2025-07-16T00:42:02.783+01:00 DEBUG 44470 --- [mock-employee-api] [    Test worker] c.r.server.config.ServerConfiguration    : Created employee: MockEmployee(id=e956b833-3f0a-4c67-a5a8-0fd1d52844c5, name=Chauncey Collins II, salary=102788, age=16, title=Central Architect, email=tempsoft@company.com)
2025-07-16T00:42:02.783+01:00 DEBUG 44470 --- [mock-employee-api] [    Test worker] c.r.server.config.ServerConfiguration    : Created employee: MockEmployee(id=b430f76d-8488-4bae-9d53-e7ddd1626b76, name=Ms. David Rutherford, salary=361466, age=58, title=Design Agent, email=sub-ex@company.com)
2025-07-16T00:42:02.784+01:00 DEBUG 44470 --- [mock-employee-api] [    Test worker] c.r.server.config.ServerConfiguration    : Created employee: MockEmployee(id=97bccbfb-674c-4d3d-b9dd-39bac8175c2b, name=Miss Andres Beahan, salary=379009, age=39, title=Consulting Coordinator, email=alphazap@company.com)
2025-07-16T00:42:02.784+01:00 DEBUG 44470 --- [mock-employee-api] [    Test worker] c.r.server.config.ServerConfiguration    : Created employee: MockEmployee(id=8132342d-c932-4829-b70b-0b51e637df91, name=Justin Spencer, salary=333043, age=42, title=Chief Mining Engineer, email=sonsing@company.com)
2025-07-16T00:42:02.784+01:00 DEBUG 44470 --- [mock-employee-api] [    Test worker] c.r.server.config.ServerConfiguration    : Created employee: MockEmployee(id=6e7a9634-a6a0-4198-b490-7503bfd79933, name=Patricia Predovic, salary=492864, age=18, title=Construction Agent, email=andalax@company.com)
2025-07-16T00:42:02.784+01:00 DEBUG 44470 --- [mock-employee-api] [    Test worker] c.r.server.config.ServerConfiguration    : Created employee: MockEmployee(id=64e24a76-d968-4693-abf9-6aeef5589a05, name=Mr. Genevive Lehner, salary=84525, age=28, title=Design Orchestrator, email=xxxdirtydanxxx@company.com)
2025-07-16T00:42:02.784+01:00 DEBUG 44470 --- [mock-employee-api] [    Test worker] c.r.server.config.ServerConfiguration    : Created employee: MockEmployee(id=ae28c928-1334-47c8-8af3-9175770de398, name=Mr. Reda Romaguera, salary=301165, age=20, title=Community-Services Specialist, email=cardguard@company.com)
2025-07-16T00:42:02.784+01:00 DEBUG 44470 --- [mock-employee-api] [    Test worker] c.r.server.config.ServerConfiguration    : Created employee: MockEmployee(id=1eff3d6a-f498-4e07-a9ee-60fcba1d9cd1, name=Eladia Jones IV, salary=474447, age=34, title=Banking Designer, email=sheilababy@company.com)
2025-07-16T00:42:02.785+01:00 DEBUG 44470 --- [mock-employee-api] [    Test worker] c.r.server.config.ServerConfiguration    : Created employee: MockEmployee(id=90e53e1e-c244-459c-95d3-bb3820f6b0a6, name=Alphonse Langworth, salary=455667, age=48, title=International Architect, email=fat_kyle@company.com)
2025-07-16T00:42:02.785+01:00 DEBUG 44470 --- [mock-employee-api] [    Test worker] c.r.server.config.ServerConfiguration    : Created employee: MockEmployee(id=925f1afa-dc36-463a-8de7-464b2b793652, name=Rena Hermann, salary=65774, age=60, title=Real-Estate Representative, email=holdlamis@company.com)
2025-07-16T00:42:02.785+01:00 DEBUG 44470 --- [mock-employee-api] [    Test worker] c.r.server.config.ServerConfiguration    : Created employee: MockEmployee(id=fac54c7e-8764-401c-b205-d5810c43cd28, name=Josef Hoeger, salary=137497, age=49, title=Accounting Officer, email=lotlux@company.com)
2025-07-16T00:42:02.785+01:00 DEBUG 44470 --- [mock-employee-api] [    Test worker] c.r.server.config.ServerConfiguration    : Created employee: MockEmployee(id=2b14f5a5-7584-4332-b045-e67937b83e8f, name=Lee Leannon, salary=184194, age=45, title=Sales Specialist, email=asoka@company.com)
2025-07-16T00:42:02.785+01:00 DEBUG 44470 --- [mock-employee-api] [    Test worker] c.r.server.config.ServerConfiguration    : Created employee: MockEmployee(id=3b1cc521-1ea5-4a41-a528-908f61ad7871, name=Mrs. Agustin Nikolaus, salary=445410, age=50, title=Forward Accounting Coordinator, email=solarbreeze@company.com)
2025-07-16T00:42:02.786+01:00 DEBUG 44470 --- [mock-employee-api] [    Test worker] c.r.server.config.ServerConfiguration    : Created employee: MockEmployee(id=6a5294fe-1297-4995-b6fb-2bd927e78492, name=Twila Altenwerth, salary=60527, age=61, title=Forward Architect, email=konklux@company.com)
2025-07-16T00:42:02.786+01:00 DEBUG 44470 --- [mock-employee-api] [    Test worker] c.r.server.config.ServerConfiguration    : Created employee: MockEmployee(id=3430b98a-05e5-4cc7-ba11-b5cba4acee77, name=Andrew Gutkowski DDS, salary=327139, age=49, title=National Sales Supervisor, email=voyatouch@company.com)
2025-07-16T00:42:02.786+01:00 DEBUG 44470 --- [mock-employee-api] [    Test worker] c.r.server.config.ServerConfiguration    : Created employee: MockEmployee(id=d438c034-5d32-455f-9501-ce87243becc4, name=Milton Hudson, salary=122128, age=18, title=Corporate Healthcare Specialist, email=voyatouch@company.com)
2025-07-16T00:42:02.786+01:00 DEBUG 44470 --- [mock-employee-api] [    Test worker] c.r.server.config.ServerConfiguration    : Created employee: MockEmployee(id=727a5470-8bbe-43c3-ad11-c65d996b98aa, name=Annika Schinner, salary=67832, age=32, title=Healthcare Producer, email=xxxdirtydanxxx@company.com)
2025-07-16T00:42:02.786+01:00 DEBUG 44470 --- [mock-employee-api] [    Test worker] c.r.server.config.ServerConfiguration    : Created employee: MockEmployee(id=993f49c7-e7d9-4289-b148-62957fa703a4, name=Cleveland Conn, salary=43412, age=45, title=Consulting Technician, email=cookley@company.com)
2025-07-16T00:42:02.786+01:00 DEBUG 44470 --- [mock-employee-api] [    Test worker] c.r.server.config.ServerConfiguration    : Created employee: MockEmployee(id=da71aa13-9157-4646-8a24-46fadb1f903f, name=Mrs. Leeanna Wiegand, salary=248028, age=45, title=Forward Analyst, email=hatity@company.com)
2025-07-16T00:42:02.787+01:00 DEBUG 44470 --- [mock-employee-api] [    Test worker] c.r.server.config.ServerConfiguration    : Created employee: MockEmployee(id=6c0d6efe-8917-4d11-946f-f392cf7e5885, name=Buck Goodwin, salary=300080, age=68, title=District Agent, email=bitchin_blair@company.com)
2025-07-16T00:42:02.967+01:00  INFO 44470 --- [mock-employee-api] [    Test worker] o.s.b.t.m.w.SpringBootMockServletContext : Initializing Spring TestDispatcherServlet ''
2025-07-16T00:42:02.967+01:00  INFO 44470 --- [mock-employee-api] [    Test worker] o.s.t.web.servlet.TestDispatcherServlet  : Initializing Servlet ''
2025-07-16T00:42:02.969+01:00  INFO 44470 --- [mock-employee-api] [    Test worker] o.s.t.web.servlet.TestDispatcherServlet  : Completed initialization in 1 ms
2025-07-16T00:42:03.016+01:00  INFO 44470 --- [mock-employee-api] [    Test worker] c.r.s.c.MockEmployeeControllerTest       : Started MockEmployeeControllerTest in 1.27 seconds (process running for 1.822)
]]></system-out>
  <system-err><![CDATA[]]></system-err>
</testsuite>
